<?xml version="1.0" encoding="UTF-8"?>
<!-- Generated by org.testng.reporters.JUnitXMLReporter -->
<testsuite hostname="Pollet" ignored="0" name="Default test" tests="6" failures="0" timestamp="2019-09-25T14:49:29 EET" time="9.723" errors="0">
  <testcase name="homepageIsOpened" time="0.431" classname="DGmbH.DGmbHTask.scenarios"/>
  <testcase name="validationsExistsDoFunctionwithoutNumbers" time="0.921" classname="DGmbH.DGmbHTask.scenarios"/>
  <testcase name="additionOfTwoNumbers_shouldLeadTo_ResultNumber" time="2.189" classname="DGmbH.DGmbHTask.scenarios"/>
  <testcase name="reset_shouldLeadTo_ResetAllFields" time="1.06" classname="DGmbH.DGmbHTask.scenarios"/>
  <testcase name="divisionOfTwoNumbers_shouldLeadTo_ResultNumber" time="2.046" classname="DGmbH.DGmbHTask.scenarios"/>
  <testcase name="addtionAndMultipleOfTwoNumbers_shouldLeadTo_ResultNumber" time="3.02" classname="DGmbH.DGmbHTask.scenarios"/>
</testsuite> <!-- Default test -->
